<?xml version="1.0" encoding="UTF-8"?>
<testng-results skipped="0" failed="0" ignored="0" total="1" passed="1">
  <reporter-output>
  </reporter-output>
  <suite name="Suite" duration-ms="23067" started-at="2019-08-02T10:35:01Z" finished-at="2019-08-02T10:35:24Z">
    <groups>
    </groups>
    <test name="Check Request API" duration-ms="23067" started-at="2019-08-02T10:35:01Z" finished-at="2019-08-02T10:35:24Z">
      <class name="com.amadeus.APIS.RequestAPI">
        <test-method status="PASS" signature="setup()[pri:0, instance:com.amadeus.APIS.RequestAPI@59fd97a8]" name="setup" is-config="true" duration-ms="141" started-at="2019-08-02T16:05:01Z" finished-at="2019-08-02T16:05:01Z">
          <reporter-output>
          </reporter-output>
        </test-method> <!-- setup -->
        <test-method status="PASS" signature="requestTest(java.lang.String, java.lang.String)[pri:0, instance:com.amadeus.APIS.RequestAPI@59fd97a8]" name="requestTest" duration-ms="22689" started-at="2019-08-02T16:05:01Z" finished-at="2019-08-02T16:05:24Z">
          <params>
            <param index="0">
              <value>
                <![CDATA[S3O226]]>
              </value>
            </param>
            <param index="1">
              <value>
                <![CDATA[1AAuth eyJ1c2VySWQiOiJXU0FDSUJFIiwib2ZmaWNlSWQiOiJZVUxBQzA4QUEifQ==]]>
              </value>
            </param>
          </params>
          <reporter-output>
          </reporter-output>
        </test-method> <!-- requestTest -->
        <test-method status="PASS" signature="tearDown()[pri:0, instance:com.amadeus.APIS.RequestAPI@59fd97a8]" name="tearDown" is-config="true" duration-ms="0" started-at="2019-08-02T16:05:24Z" finished-at="2019-08-02T16:05:24Z">
          <reporter-output>
          </reporter-output>
        </test-method> <!-- tearDown -->
      </class> <!-- com.amadeus.APIS.RequestAPI -->
    </test> <!-- Check Request API -->
  </suite> <!-- Suite -->
</testng-results>
